Flow report for OAC_Lab2
Sun Sep 18 21:36:23 2022
Quartus II 64-Bit Version 13.1.0 Build 162 10/23/2013 SJ Full Version


---------------------
; Table of Contents ;
---------------------
  1. Legal Notice
  2. Flow Summary
  3. Flow Settings
  4. Flow Non-Default Global Settings
  5. Flow Elapsed Time
  6. Flow OS Summary
  7. Flow Log
  8. Flow Messages
  9. Flow Suppressed Messages



----------------
; Legal Notice ;
----------------
Copyright (C) 1991-2013 Altera Corporation
Your use of Altera Corporation's design tools, logic functions 
and other software and tools, and its AMPP partner logic 
functions, and any output files from any of the foregoing 
(including device programming or simulation files), and any 
associated documentation or information are expressly subject 
to the terms and conditions of the Altera Program License 
Subscription Agreement, Altera MegaCore Function License 
Agreement, or other applicable license agreement, including, 
without limitation, that your use is for the sole purpose of 
programming logic devices manufactured by Altera and sold by 
Altera or its authorized distributors.  Please refer to the 
applicable agreement for further details.



+----------------------------------------------------------------------------------+
; Flow Summary                                                                     ;
+------------------------------------+---------------------------------------------+
; Flow Status                        ; Successful - Sun Sep 18 21:36:22 2022       ;
; Quartus II 64-Bit Version          ; 13.1.0 Build 162 10/23/2013 SJ Full Version ;
; Revision Name                      ; OAC_Lab2                                    ;
; Top-level Entity Name              ; OAC_Lab2                                    ;
; Family                             ; Cyclone IV GX                               ;
; Total logic elements               ; 1,877 / 29,440 ( 6 % )                      ;
;     Total combinational functions  ; 1,652 / 29,440 ( 6 % )                      ;
;     Dedicated logic registers      ; 993 / 29,440 ( 3 % )                        ;
; Total registers                    ; 993                                         ;
; Total pins                         ; 207 / 307 ( 67 % )                          ;
; Total virtual pins                 ; 0                                           ;
; Total memory bits                  ; 16,384 / 1,105,920 ( 1 % )                  ;
; Embedded Multiplier 9-bit elements ; 0 / 160 ( 0 % )                             ;
; Total GXB Receiver Channel PCS     ; 0 / 4 ( 0 % )                               ;
; Total GXB Receiver Channel PMA     ; 0 / 4 ( 0 % )                               ;
; Total GXB Transmitter Channel PCS  ; 0 / 4 ( 0 % )                               ;
; Total GXB Transmitter Channel PMA  ; 0 / 4 ( 0 % )                               ;
; Total PLLs                         ; 0 / 6 ( 0 % )                               ;
; Device                             ; EP4CGX30CF23C6                              ;
; Timing Models                      ; Final                                       ;
+------------------------------------+---------------------------------------------+


+-----------------------------------------+
; Flow Settings                           ;
+-------------------+---------------------+
; Option            ; Setting             ;
+-------------------+---------------------+
; Start date & time ; 09/18/2022 21:34:42 ;
; Main task         ; Compilation         ;
; Revision Name     ; OAC_Lab2            ;
+-------------------+---------------------+


+--------------------------------------------------------------------------------------------------------------------------------------------------------------------------------------------+
; Flow Non-Default Global Settings                                                                                                                                                           ;
+-------------------------------------+-------------------------------------------------------------------------------------------------------+---------------+-------------+----------------+
; Assignment Name                     ; Value                                                                                                 ; Default Value ; Entity Name ; Section Id     ;
+-------------------------------------+-------------------------------------------------------------------------------------------------------+---------------+-------------+----------------+
; COMPILER_SIGNATURE_ID               ; 53447161104569.166354768207568                                                                        ; --            ; --          ; --             ;
; EDA_GENERATE_FUNCTIONAL_NETLIST     ; On                                                                                                    ; --            ; --          ; eda_simulation ;
; EDA_NETLIST_WRITER_OUTPUT_DIR       ; C:/Users/Thiago/Documents/UnB/OrganizaçãoeArquiteturadeComputadores/Projeto2/Quartus/simulation/qsim/ ; --            ; --          ; eda_simulation ;
; EDA_OUTPUT_DATA_FORMAT              ; Verilog Hdl                                                                                           ; --            ; --          ; eda_simulation ;
; EDA_SIMULATION_TOOL                 ; ModelSim-Altera (Verilog)                                                                             ; <None>        ; --          ; --             ;
; IP_TOOL_NAME                        ; LPM_ADD_SUB                                                                                           ; --            ; --          ; --             ;
; IP_TOOL_NAME                        ; LPM_MUX                                                                                               ; --            ; --          ; --             ;
; IP_TOOL_NAME                        ; LPM_MUX                                                                                               ; --            ; --          ; --             ;
; IP_TOOL_NAME                        ; LPM_MUX                                                                                               ; --            ; --          ; --             ;
; IP_TOOL_NAME                        ; LPM_MUX                                                                                               ; --            ; --          ; --             ;
; IP_TOOL_NAME                        ; LPM_MUX                                                                                               ; --            ; --          ; --             ;
; IP_TOOL_NAME                        ; LPM_ADD_SUB                                                                                           ; --            ; --          ; --             ;
; IP_TOOL_NAME                        ; LPM_MUX                                                                                               ; --            ; --          ; --             ;
; IP_TOOL_NAME                        ; LPM_DECODE                                                                                            ; --            ; --          ; --             ;
; IP_TOOL_NAME                        ; LPM_MUX                                                                                               ; --            ; --          ; --             ;
; IP_TOOL_NAME                        ; RAM: 2-PORT                                                                                           ; --            ; --          ; --             ;
; IP_TOOL_NAME                        ; LPM_MUX                                                                                               ; --            ; --          ; --             ;
; IP_TOOL_NAME                        ; LPM_MUX                                                                                               ; --            ; --          ; --             ;
; IP_TOOL_NAME                        ; ROM: 1-PORT                                                                                           ; --            ; --          ; --             ;
; IP_TOOL_NAME                        ; RAM: 2-PORT                                                                                           ; --            ; --          ; --             ;
; IP_TOOL_NAME                        ; LPM_MUX                                                                                               ; --            ; --          ; --             ;
; IP_TOOL_NAME                        ; LPM_MUX                                                                                               ; --            ; --          ; --             ;
; IP_TOOL_NAME                        ; LPM_ADD_SUB                                                                                           ; --            ; --          ; --             ;
; IP_TOOL_VERSION                     ; 13.1                                                                                                  ; --            ; --          ; --             ;
; IP_TOOL_VERSION                     ; 13.1                                                                                                  ; --            ; --          ; --             ;
; IP_TOOL_VERSION                     ; 13.1                                                                                                  ; --            ; --          ; --             ;
; IP_TOOL_VERSION                     ; 13.1                                                                                                  ; --            ; --          ; --             ;
; IP_TOOL_VERSION                     ; 13.1                                                                                                  ; --            ; --          ; --             ;
; IP_TOOL_VERSION                     ; 13.1                                                                                                  ; --            ; --          ; --             ;
; IP_TOOL_VERSION                     ; 13.1                                                                                                  ; --            ; --          ; --             ;
; IP_TOOL_VERSION                     ; 13.1                                                                                                  ; --            ; --          ; --             ;
; IP_TOOL_VERSION                     ; 13.1                                                                                                  ; --            ; --          ; --             ;
; IP_TOOL_VERSION                     ; 13.1                                                                                                  ; --            ; --          ; --             ;
; IP_TOOL_VERSION                     ; 13.1                                                                                                  ; --            ; --          ; --             ;
; IP_TOOL_VERSION                     ; 13.1                                                                                                  ; --            ; --          ; --             ;
; IP_TOOL_VERSION                     ; 13.1                                                                                                  ; --            ; --          ; --             ;
; IP_TOOL_VERSION                     ; 13.1                                                                                                  ; --            ; --          ; --             ;
; IP_TOOL_VERSION                     ; 13.1                                                                                                  ; --            ; --          ; --             ;
; IP_TOOL_VERSION                     ; 13.1                                                                                                  ; --            ; --          ; --             ;
; IP_TOOL_VERSION                     ; 13.1                                                                                                  ; --            ; --          ; --             ;
; IP_TOOL_VERSION                     ; 13.1                                                                                                  ; --            ; --          ; --             ;
; MISC_FILE                           ; lpm_add_sub0.bsf                                                                                      ; --            ; --          ; --             ;
; MISC_FILE                           ; lpm_add_sub0.cmp                                                                                      ; --            ; --          ; --             ;
; MISC_FILE                           ; lpm_mux0.bsf                                                                                          ; --            ; --          ; --             ;
; MISC_FILE                           ; lpm_mux0.cmp                                                                                          ; --            ; --          ; --             ;
; MISC_FILE                           ; lpm_mux1.bsf                                                                                          ; --            ; --          ; --             ;
; MISC_FILE                           ; lpm_mux1.cmp                                                                                          ; --            ; --          ; --             ;
; MISC_FILE                           ; lpm_mux2.bsf                                                                                          ; --            ; --          ; --             ;
; MISC_FILE                           ; lpm_mux2.cmp                                                                                          ; --            ; --          ; --             ;
; MISC_FILE                           ; lpm_mux3.bsf                                                                                          ; --            ; --          ; --             ;
; MISC_FILE                           ; lpm_mux3.cmp                                                                                          ; --            ; --          ; --             ;
; MISC_FILE                           ; lpm_mux4.bsf                                                                                          ; --            ; --          ; --             ;
; MISC_FILE                           ; lpm_mux4.cmp                                                                                          ; --            ; --          ; --             ;
; MISC_FILE                           ; lpm_add_sub1.bsf                                                                                      ; --            ; --          ; --             ;
; MISC_FILE                           ; lpm_add_sub1.cmp                                                                                      ; --            ; --          ; --             ;
; MISC_FILE                           ; lpm_mux5.bsf                                                                                          ; --            ; --          ; --             ;
; MISC_FILE                           ; lpm_mux5.cmp                                                                                          ; --            ; --          ; --             ;
; MISC_FILE                           ; lpm_decode0.bsf                                                                                       ; --            ; --          ; --             ;
; MISC_FILE                           ; lpm_decode0.cmp                                                                                       ; --            ; --          ; --             ;
; MISC_FILE                           ; lpm_mux6.bsf                                                                                          ; --            ; --          ; --             ;
; MISC_FILE                           ; lpm_mux6.cmp                                                                                          ; --            ; --          ; --             ;
; MISC_FILE                           ; RAMRenan.bsf                                                                                          ; --            ; --          ; --             ;
; MISC_FILE                           ; RAMRenan.cmp                                                                                          ; --            ; --          ; --             ;
; MISC_FILE                           ; lpm_mux7.bsf                                                                                          ; --            ; --          ; --             ;
; MISC_FILE                           ; lpm_mux7.cmp                                                                                          ; --            ; --          ; --             ;
; MISC_FILE                           ; lpm_mux8.bsf                                                                                          ; --            ; --          ; --             ;
; MISC_FILE                           ; lpm_mux8.cmp                                                                                          ; --            ; --          ; --             ;
; MISC_FILE                           ; ROMRenan.bsf                                                                                          ; --            ; --          ; --             ;
; MISC_FILE                           ; ROMRenan.cmp                                                                                          ; --            ; --          ; --             ;
; MISC_FILE                           ; RAMThiago.bsf                                                                                         ; --            ; --          ; --             ;
; MISC_FILE                           ; RAMThiago.cmp                                                                                         ; --            ; --          ; --             ;
; MISC_FILE                           ; lpm_mux9.bsf                                                                                          ; --            ; --          ; --             ;
; MISC_FILE                           ; lpm_mux9.cmp                                                                                          ; --            ; --          ; --             ;
; MISC_FILE                           ; lpm_mux10.bsf                                                                                         ; --            ; --          ; --             ;
; MISC_FILE                           ; lpm_mux10.cmp                                                                                         ; --            ; --          ; --             ;
; MISC_FILE                           ; lpm_add_sub2.bsf                                                                                      ; --            ; --          ; --             ;
; MISC_FILE                           ; lpm_add_sub2.cmp                                                                                      ; --            ; --          ; --             ;
; PARTITION_COLOR                     ; 16764057                                                                                              ; --            ; --          ; Top            ;
; PARTITION_FITTER_PRESERVATION_LEVEL ; PLACEMENT_AND_ROUTING                                                                                 ; --            ; --          ; Top            ;
; PARTITION_NETLIST_TYPE              ; SOURCE                                                                                                ; --            ; --          ; Top            ;
; PROJECT_OUTPUT_DIRECTORY            ; output_files                                                                                          ; --            ; --          ; --             ;
+-------------------------------------+-------------------------------------------------------------------------------------------------------+---------------+-------------+----------------+


+-------------------------------------------------------------------------------------------------------------------------------+
; Flow Elapsed Time                                                                                                             ;
+---------------------------+--------------+-------------------------+---------------------+------------------------------------+
; Module Name               ; Elapsed Time ; Average Processors Used ; Peak Virtual Memory ; Total CPU Time (on all processors) ;
+---------------------------+--------------+-------------------------+---------------------+------------------------------------+
; Analysis & Synthesis      ; 00:00:13     ; 1.0                     ; 4817 MB             ; 00:00:13                           ;
; Fitter                    ; 00:00:37     ; 2.2                     ; 5585 MB             ; 00:00:46                           ;
; Assembler                 ; 00:00:01     ; 1.0                     ; 4615 MB             ; 00:00:00                           ;
; TimeQuest Timing Analyzer ; 00:00:07     ; 1.0                     ; 4740 MB             ; 00:00:06                           ;
; EDA Netlist Writer        ; 00:00:01     ; 1.0                     ; 4623 MB             ; 00:00:01                           ;
; EDA Netlist Writer        ; 00:00:00     ; 1.0                     ; 4634 MB             ; 00:00:01                           ;
; EDA Netlist Writer        ; 00:00:01     ; 1.0                     ; 4634 MB             ; 00:00:01                           ;
; Total                     ; 00:01:00     ; --                      ; --                  ; 00:01:08                           ;
+---------------------------+--------------+-------------------------+---------------------+------------------------------------+


+----------------------------------------------------------------------------------------+
; Flow OS Summary                                                                        ;
+---------------------------+------------------+-----------+------------+----------------+
; Module Name               ; Machine Hostname ; OS Name   ; OS Version ; Processor type ;
+---------------------------+------------------+-----------+------------+----------------+
; Analysis & Synthesis      ; Thiago-PC        ; Windows 7 ; 6.2        ; x86_64         ;
; Fitter                    ; Thiago-PC        ; Windows 7 ; 6.2        ; x86_64         ;
; Assembler                 ; Thiago-PC        ; Windows 7 ; 6.2        ; x86_64         ;
; TimeQuest Timing Analyzer ; Thiago-PC        ; Windows 7 ; 6.2        ; x86_64         ;
; EDA Netlist Writer        ; Thiago-PC        ; Windows 7 ; 6.2        ; x86_64         ;
; EDA Netlist Writer        ; Thiago-PC        ; Windows 7 ; 6.2        ; x86_64         ;
; EDA Netlist Writer        ; Thiago-PC        ; Windows 7 ; 6.2        ; x86_64         ;
+---------------------------+------------------+-----------+------------+----------------+


------------
; Flow Log ;
------------
quartus_map --read_settings_files=on --write_settings_files=off OAC_Lab2 -c OAC_Lab2
quartus_fit --read_settings_files=off --write_settings_files=off OAC_Lab2 -c OAC_Lab2
quartus_asm --read_settings_files=off --write_settings_files=off OAC_Lab2 -c OAC_Lab2
quartus_sta OAC_Lab2 -c OAC_Lab2
quartus_eda --read_settings_files=off --write_settings_files=off OAC_Lab2 -c OAC_Lab2
quartus_eda --gen_testbench --check_outputs=on --tool=modelsim_oem --format=verilog OAC_Lab2 -c OAC_Lab2 --vector_source=C:/Users/Thiago/Documents/UnB/OrganizaçãoeArquiteturadeComputadores/Projeto2/Quartus/Waveform13.vwf --testbench_file=C:/Users/Thiago/Documents/UnB/OrganizaçãoeArquiteturadeComputadores/Projeto2/Quartus/simulation/qsim/Waveform13.vwf.vt
quartus_eda --functional=on --flatten_buses=off --simulation=on --tool=modelsim_oem --format=verilog --output_directory=C:/Users/Thiago/Documents/UnB/OrganizaçãoeArquiteturadeComputadores/Projeto2/Quartus/simulation/qsim/ OAC_Lab2 -c OAC_Lab2



